[debug] [2022-10-23T12:03:18.675Z] ----------------------------------------------------------------------
[debug] [2022-10-23T12:03:18.677Z] Command:       D:\Program Files\nodejs\node.exe C:\Users\Melisa\AppData\Roaming\npm\node_modules\firebase-tools\lib\bin\firebase.js init
[debug] [2022-10-23T12:03:18.678Z] CLI Version:   11.15.0
[debug] [2022-10-23T12:03:18.678Z] Platform:      win32
[debug] [2022-10-23T12:03:18.678Z] Node Version:  v16.18.0
[debug] [2022-10-23T12:03:18.679Z] Time:          Sun Oct 23 2022 14:03:18 GMT+0200 (Central European Summer Time)
[debug] [2022-10-23T12:03:18.679Z] ----------------------------------------------------------------------
[debug] 
[debug] [2022-10-23T12:03:18.772Z] > command requires scopes: ["email","openid","https://www.googleapis.com/auth/cloudplatformprojects.readonly","https://www.googleapis.com/auth/firebase","https://www.googleapis.com/auth/cloud-platform"]
[debug] [2022-10-23T12:03:18.772Z] > authorizing via signed-in user (melisa.deljic@fet.ba)
[info] 
     ######## #### ########  ######## ########     ###     ######  ########
     ##        ##  ##     ## ##       ##     ##  ##   ##  ##       ##
     ######    ##  ########  ######   ########  #########  ######  ######
     ##        ##  ##    ##  ##       ##     ## ##     ##       ## ##
     ##       #### ##     ## ######## ########  ##     ##  ######  ########

You're about to initialize a Firebase project in this directory:

  C:\Users\Melisa

Before we get started, keep in mind:

  * You are initializing within an existing Firebase project directory

[info] 
=== Project Setup
[info] 
[info] First, let's associate this project directory with a Firebase project.
[info] You can create multiple project aliases by running firebase use --add, 
[info] but for now we'll just set up a default project.
[info] 
[debug] [2022-10-23T12:03:26.636Z] Using project from CLI flag: kucna-njega-bona-fide
[debug] [2022-10-23T12:03:26.639Z] >>> [apiv2][query] GET https://firebase.googleapis.com/v1beta1/projects/kucna-njega-bona-fide [none]
[debug] [2022-10-23T12:03:27.009Z] <<< [apiv2][status] GET https://firebase.googleapis.com/v1beta1/projects/kucna-njega-bona-fide 200
[debug] [2022-10-23T12:03:27.009Z] <<< [apiv2][body] GET https://firebase.googleapis.com/v1beta1/projects/kucna-njega-bona-fide {"projectId":"kucna-njega-bona-fide","projectNumber":"631986664267","displayName":"Kucna Njega Bona Fide","name":"projects/kucna-njega-bona-fide","resources":{"hostingSite":"kucna-njega-bona-fide"},"state":"ACTIVE","etag":"1_bf328a55-c72d-41f3-8309-18d1f44da8d4"}
[info] i  Using project kucna-njega-bona-fide (Kucna Njega Bona Fide) 
[info] 
=== Hosting:github Setup
[info] 
[info] i  Didn't detect a .git folder. Assuming C:\Users\Melisa\Desktop\Kućna njega is the project root. 
[info] i  Authorizing with GitHub to upload your service account to a GitHub repository's secrets store. 
[info] 
[info] Visit this URL on this device to log in:
[info] https://github.com/login/oauth/authorize?client_id=89cf50f02ac6aaed3484&state=39253176&redirect_uri=http%3A%2F%2Flocalhost%3A9005&scope=read%3Auser%20repo%20public_repo
[info] 
[info] Waiting for authentication...
[debug] [2022-10-23T12:03:30.612Z] >>> [apiv2][query] POST https://github.com/login/oauth/access_token [none]
[debug] [2022-10-23T12:03:30.612Z] >>> [apiv2][body] POST https://github.com/login/oauth/access_token [stream]
[debug] [2022-10-23T12:03:30.967Z] <<< [apiv2][status] POST https://github.com/login/oauth/access_token 200
[debug] [2022-10-23T12:03:30.969Z] <<< [apiv2][body] POST https://github.com/login/oauth/access_token {"access_token":"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","token_type":"bearer","scope":"read:user,repo"}
[debug] [2022-10-23T12:03:31.010Z] >>> [apiv2][query] GET https://api.github.com/user [none]
[debug] [2022-10-23T12:03:33.554Z] <<< [apiv2][status] GET https://api.github.com/user 200
[debug] [2022-10-23T12:03:33.556Z] <<< [apiv2][body] GET https://api.github.com/user {"login":"Melisa110999","id":116493273,"node_id":"U_kgDOBvGL2Q","avatar_url":"https://avatars.githubusercontent.com/u/116493273?v=4","gravatar_id":"","url":"https://api.github.com/users/Melisa110999","html_url":"https://github.com/Melisa110999","followers_url":"https://api.github.com/users/Melisa110999/followers","following_url":"https://api.github.com/users/Melisa110999/following{/other_user}","gists_url":"https://api.github.com/users/Melisa110999/gists{/gist_id}","starred_url":"https://api.github.com/users/Melisa110999/starred{/owner}{/repo}","subscriptions_url":"https://api.github.com/users/Melisa110999/subscriptions","organizations_url":"https://api.github.com/users/Melisa110999/orgs","repos_url":"https://api.github.com/users/Melisa110999/repos","events_url":"https://api.github.com/users/Melisa110999/events{/privacy}","received_events_url":"https://api.github.com/users/Melisa110999/received_events","type":"User","site_admin":false,"name":null,"company":null,"blog":"","location":null,"email":null,"hireable":null,"bio":null,"twitter_username":null,"public_repos":1,"public_gists":0,"followers":0,"following":0,"created_at":"2022-10-23T11:27:38Z","updated_at":"2022-10-23T11:27:38Z","private_gists":0,"total_private_repos":0,"owned_private_repos":0,"disk_usage":0,"collaborators":0,"two_factor_authentication":false,"plan":{"name":"free","space":976562499,"collaborators":0,"private_repos":10000}}
[info] 
[info] +  Success! Logged into GitHub as Melisa110999 
[info] 
